C51 COMPILER V8.12   MAIN                                                                  08/07/2017 00:16:34 PAGE 1   


C51 COMPILER V8.12, COMPILATION OF MODULE MAIN
OBJECT MODULE PLACED IN .\main.obj
COMPILER INVOKED BY: C:\Keil\C51\BIN\C51.EXE ..\src\main.c BROWSE DEBUG OBJECTEXTEND PRINT(.\main.lst) OBJECT(.\main.obj
                    -)

line level    source

   1          //===============================================
   2          #include "manager/GDelay.h"
   3          #include "manager/GConfig.h"
   4          //===============================================
   5          void main() {
   6   1              while(1) {
   7   2                      PIN7 = !PIN7;
   8   2                      GDelay_T0(1000);
   9   2          }
  10   1      }
  11          //===============================================


MODULE INFORMATION:   STATIC OVERLAYABLE
   CODE SIZE        =     11    ----
   CONSTANT SIZE    =   ----    ----
   XDATA SIZE       =   ----    ----
   PDATA SIZE       =   ----    ----
   DATA SIZE        =   ----    ----
   IDATA SIZE       =   ----    ----
   BIT SIZE         =   ----    ----
END OF MODULE INFORMATION.


C51 COMPILATION COMPLETE.  0 WARNING(S),  0 ERROR(S)
